17:03:17 **** Incremental Build of configuration Debug for project CMPE126_LAB_FINAL ****
make all 
Building file: ../src/main.cpp
Invoking: GCC C++ Compiler
g++ -O0 -g3 -Wall -c -fmessage-length=0 -MMD -MP -MF"src/main.d" -MT"src/main.o" -o "src/main.o" "../src/main.cpp"
Finished building: ../src/main.cpp
 
Building target: CMPE126_LAB_FINAL
Invoking: MacOS X C++ Linker
g++  -o "CMPE126_LAB_FINAL"  ./src/Student.o ./src/main.o   
Finished building target: CMPE126_LAB_FINAL
 
17:03:23 **** Incremental Build of configuration Debug for project CMPE126_LAB_FINAL ****
make all 
make: Nothing to be done for `all'.
17:08:21 **** Incremental Build of configuration Debug for project CMPE126_LAB_FINAL ****
make all 
Building file: ../src/main.cpp
Invoking: GCC C++ Compiler
g++ -O0 -g3 -Wall -c -fmessage-length=0 -MMD -MP -MF"src/main.d" -MT"src/main.o" -o "src/main.o" "../src/main.cpp"
Finished building: ../src/main.cpp
 
Building target: CMPE126_LAB_FINAL
Invoking: MacOS X C++ Linker
g++  -o "CMPE126_LAB_FINAL"  ./src/Student.o ./src/main.o   
Finished building target: CMPE126_LAB_FINAL
 
17:11:01 **** Incremental Build of configuration Debug for project CMPE126_LAB_FINAL ****
make all 
Building file: ../src/main.cpp
Invoking: GCC C++ Compiler
g++ -O0 -g3 -Wall -c -fmessage-length=0 -MMD -MP -MF"src/main.d" -MT"src/main.o" -o "src/main.o" "../src/main.cpp"
Finished building: ../src/main.cpp
 
Building target: CMPE126_LAB_FINAL
Invoking: MacOS X C++ Linker
g++  -o "CMPE126_LAB_FINAL"  ./src/Student.o ./src/main.o   
Finished building target: CMPE126_LAB_FINAL
 
17:14:49 **** Incremental Build of configuration Debug for project CMPE126_LAB_FINAL ****
make all 
Building file: ../src/main.cpp
Invoking: GCC C++ Compiler
g++ -O0 -g3 -Wall -c -fmessage-length=0 -MMD -MP -MF"src/main.d" -MT"src/main.o" -o "src/main.o" "../src/main.cpp"
Finished building: ../src/main.cpp
 
Building target: CMPE126_LAB_FINAL
Invoking: MacOS X C++ Linker
g++  -o "CMPE126_LAB_FINAL"  ./src/Student.o ./src/main.o   
Finished building target: CMPE126_LAB_FINAL
 
